  DefaultExtraction.cpp
C:\Users\sga\Documents\Vision\vision-finnff\source\ExternalDLL\ExternalDLL\ImageFactory.h(20): warning C4091: 'static ': ignored on left of 'ImageFactory::Implementation' when no variable is declared
C:\Users\sga\Documents\Vision\vision-finnff\source\ExternalDLL\ExternalDLL\ImageFactory.h(29): warning C4091: 'static ': ignored on left of 'ImageFactory::ImplementationStudent' when no variable is declared
C:\Users\sga\Documents\Vision\vision-finnff\source\ExternalDLL\ExternalDLL\ImageFactory.h(37): warning C4091: 'static ': ignored on left of 'ImageFactory::ImplementationPrivate' when no variable is declared
  DefaultLocalization.cpp
C:\Users\sga\Documents\Vision\vision-finnff\source\ExternalDLL\ExternalDLL\ImageFactory.h(20): warning C4091: 'static ': ignored on left of 'ImageFactory::Implementation' when no variable is declared
C:\Users\sga\Documents\Vision\vision-finnff\source\ExternalDLL\ExternalDLL\ImageFactory.h(29): warning C4091: 'static ': ignored on left of 'ImageFactory::ImplementationStudent' when no variable is declared
C:\Users\sga\Documents\Vision\vision-finnff\source\ExternalDLL\ExternalDLL\ImageFactory.h(37): warning C4091: 'static ': ignored on left of 'ImageFactory::ImplementationPrivate' when no variable is declared
  DefaultPreProcessing.cpp
C:\Users\sga\Documents\Vision\vision-finnff\source\ExternalDLL\ExternalDLL\ImageFactory.h(20): warning C4091: 'static ': ignored on left of 'ImageFactory::Implementation' when no variable is declared
C:\Users\sga\Documents\Vision\vision-finnff\source\ExternalDLL\ExternalDLL\ImageFactory.h(29): warning C4091: 'static ': ignored on left of 'ImageFactory::ImplementationStudent' when no variable is declared
C:\Users\sga\Documents\Vision\vision-finnff\source\ExternalDLL\ExternalDLL\ImageFactory.h(37): warning C4091: 'static ': ignored on left of 'ImageFactory::ImplementationPrivate' when no variable is declared
  DLLExecution.cpp
C:\Users\sga\Documents\Vision\vision-finnff\source\ExternalDLL\ExternalDLL\ImageFactory.h(20): warning C4091: 'static ': ignored on left of 'ImageFactory::Implementation' when no variable is declared
C:\Users\sga\Documents\Vision\vision-finnff\source\ExternalDLL\ExternalDLL\ImageFactory.h(29): warning C4091: 'static ': ignored on left of 'ImageFactory::ImplementationStudent' when no variable is declared
C:\Users\sga\Documents\Vision\vision-finnff\source\ExternalDLL\ExternalDLL\ImageFactory.h(37): warning C4091: 'static ': ignored on left of 'ImageFactory::ImplementationPrivate' when no variable is declared
  export.cpp
C:\Users\sga\Documents\Vision\vision-finnff\source\ExternalDLL\ExternalDLL\ImageFactory.h(20): warning C4091: 'static ': ignored on left of 'ImageFactory::Implementation' when no variable is declared
C:\Users\sga\Documents\Vision\vision-finnff\source\ExternalDLL\ExternalDLL\ImageFactory.h(29): warning C4091: 'static ': ignored on left of 'ImageFactory::ImplementationStudent' when no variable is declared
C:\Users\sga\Documents\Vision\vision-finnff\source\ExternalDLL\ExternalDLL\ImageFactory.h(37): warning C4091: 'static ': ignored on left of 'ImageFactory::ImplementationPrivate' when no variable is declared
  Feature.cpp
  FeatureMap.cpp
  GrayscaleAlgorithm.cpp
  SonnetXVIII.cpp
  Image.cpp
  ImageFactory.cpp
C:\Users\sga\Documents\Vision\vision-finnff\source\ExternalDLL\ExternalDLL\ImageFactory.h(20): warning C4091: 'static ': ignored on left of 'ImageFactory::Implementation' when no variable is declared
C:\Users\sga\Documents\Vision\vision-finnff\source\ExternalDLL\ExternalDLL\ImageFactory.h(29): warning C4091: 'static ': ignored on left of 'ImageFactory::ImplementationStudent' when no variable is declared
C:\Users\sga\Documents\Vision\vision-finnff\source\ExternalDLL\ExternalDLL\ImageFactory.h(37): warning C4091: 'static ': ignored on left of 'ImageFactory::ImplementationPrivate' when no variable is declared
  ImageIO.cpp
  IntensityImage.cpp
  IntensityImagePrivate.cpp
  IntensityImageStudent.cpp
  Main.cpp
C:\Users\sga\Documents\Vision\vision-finnff\source\ExternalDLL\ExternalDLL\ImageFactory.h(20): warning C4091: 'static ': ignored on left of 'ImageFactory::Implementation' when no variable is declared
C:\Users\sga\Documents\Vision\vision-finnff\source\ExternalDLL\ExternalDLL\ImageFactory.h(29): warning C4091: 'static ': ignored on left of 'ImageFactory::ImplementationStudent' when no variable is declared
C:\Users\sga\Documents\Vision\vision-finnff\source\ExternalDLL\ExternalDLL\ImageFactory.h(37): warning C4091: 'static ': ignored on left of 'ImageFactory::ImplementationPrivate' when no variable is declared
  HereBeDragons.cpp
  PostProcessing.cpp
C:\Users\sga\Documents\Vision\vision-finnff\source\ExternalDLL\ExternalDLL\ImageFactory.h(20): warning C4091: 'static ': ignored on left of 'ImageFactory::Implementation' when no variable is declared
C:\Users\sga\Documents\Vision\vision-finnff\source\ExternalDLL\ExternalDLL\ImageFactory.h(29): warning C4091: 'static ': ignored on left of 'ImageFactory::ImplementationStudent' when no variable is declared
C:\Users\sga\Documents\Vision\vision-finnff\source\ExternalDLL\ExternalDLL\ImageFactory.h(37): warning C4091: 'static ': ignored on left of 'ImageFactory::ImplementationPrivate' when no variable is declared
  Representation.cpp
  RGBImage.cpp
  Generating Code...
  Compiling...
  RGBImagePrivate.cpp
  RGBImageStudent.cpp
  StudentExtraction.cpp
  StudentLocalization.cpp
  StudentPreProcessing.cpp
  Generating Code...
     Creating library C:\Users\sga\Documents\Vision\vision-finnff\source\ExternalDLL\Debug\ExternalDLL.lib and object C:\Users\sga\Documents\Vision\vision-finnff\source\ExternalDLL\Debug\ExternalDLL.exp
opencv_core2412.lib(alloc.obj) : warning LNK4099: PDB 'opencv_core.pdb' was not found with 'opencv_core2412.lib(alloc.obj)' or at 'C:\Users\sga\Documents\Vision\vision-finnff\source\ExternalDLL\Debug\opencv_core.pdb'; linking object as if no debug info
opencv_core2412.lib(arithm.obj) : warning LNK4099: PDB 'opencv_core.pdb' was not found with 'opencv_core2412.lib(arithm.obj)' or at 'C:\Users\sga\Documents\Vision\vision-finnff\source\ExternalDLL\Debug\opencv_core.pdb'; linking object as if no debug info
opencv_core2412.lib(array.obj) : warning LNK4099: PDB 'opencv_core.pdb' was not found with 'opencv_core2412.lib(array.obj)' or at 'C:\Users\sga\Documents\Vision\vision-finnff\source\ExternalDLL\Debug\opencv_core.pdb'; linking object as if no debug info
opencv_core2412.lib(convert.obj) : warning LNK4099: PDB 'opencv_core.pdb' was not found with 'opencv_core2412.lib(convert.obj)' or at 'C:\Users\sga\Documents\Vision\vision-finnff\source\ExternalDLL\Debug\opencv_core.pdb'; linking object as if no debug info
opencv_core2412.lib(copy.obj) : warning LNK4099: PDB 'opencv_core.pdb' was not found with 'opencv_core2412.lib(copy.obj)' or at 'C:\Users\sga\Documents\Vision\vision-finnff\source\ExternalDLL\Debug\opencv_core.pdb'; linking object as if no debug info
opencv_core2412.lib(datastructs.obj) : warning LNK4099: PDB 'opencv_core.pdb' was not found with 'opencv_core2412.lib(datastructs.obj)' or at 'C:\Users\sga\Documents\Vision\vision-finnff\source\ExternalDLL\Debug\opencv_core.pdb'; linking object as if no debug info
opencv_core2412.lib(drawing.obj) : warning LNK4099: PDB 'opencv_core.pdb' was not found with 'opencv_core2412.lib(drawing.obj)' or at 'C:\Users\sga\Documents\Vision\vision-finnff\source\ExternalDLL\Debug\opencv_core.pdb'; linking object as if no debug info
opencv_core2412.lib(dxt.obj) : warning LNK4099: PDB 'opencv_core.pdb' was not found with 'opencv_core2412.lib(dxt.obj)' or at 'C:\Users\sga\Documents\Vision\vision-finnff\source\ExternalDLL\Debug\opencv_core.pdb'; linking object as if no debug info
opencv_core2412.lib(gpumat.obj) : warning LNK4099: PDB 'opencv_core.pdb' was not found with 'opencv_core2412.lib(gpumat.obj)' or at 'C:\Users\sga\Documents\Vision\vision-finnff\source\ExternalDLL\Debug\opencv_core.pdb'; linking object as if no debug info
opencv_core2412.lib(lapack.obj) : warning LNK4099: PDB 'opencv_core.pdb' was not found with 'opencv_core2412.lib(lapack.obj)' or at 'C:\Users\sga\Documents\Vision\vision-finnff\source\ExternalDLL\Debug\opencv_core.pdb'; linking object as if no debug info
opencv_core2412.lib(mathfuncs.obj) : warning LNK4099: PDB 'opencv_core.pdb' was not found with 'opencv_core2412.lib(mathfuncs.obj)' or at 'C:\Users\sga\Documents\Vision\vision-finnff\source\ExternalDLL\Debug\opencv_core.pdb'; linking object as if no debug info
opencv_core2412.lib(matmul.obj) : warning LNK4099: PDB 'opencv_core.pdb' was not found with 'opencv_core2412.lib(matmul.obj)' or at 'C:\Users\sga\Documents\Vision\vision-finnff\source\ExternalDLL\Debug\opencv_core.pdb'; linking object as if no debug info
opencv_core2412.lib(matop.obj) : warning LNK4099: PDB 'opencv_core.pdb' was not found with 'opencv_core2412.lib(matop.obj)' or at 'C:\Users\sga\Documents\Vision\vision-finnff\source\ExternalDLL\Debug\opencv_core.pdb'; linking object as if no debug info
opencv_core2412.lib(matrix.obj) : warning LNK4099: PDB 'opencv_core.pdb' was not found with 'opencv_core2412.lib(matrix.obj)' or at 'C:\Users\sga\Documents\Vision\vision-finnff\source\ExternalDLL\Debug\opencv_core.pdb'; linking object as if no debug info
opencv_core2412.lib(opengl_interop.obj) : warning LNK4099: PDB 'opencv_core.pdb' was not found with 'opencv_core2412.lib(opengl_interop.obj)' or at 'C:\Users\sga\Documents\Vision\vision-finnff\source\ExternalDLL\Debug\opencv_core.pdb'; linking object as if no debug info
opencv_core2412.lib(opengl_interop_deprecated.obj) : warning LNK4099: PDB 'opencv_core.pdb' was not found with 'opencv_core2412.lib(opengl_interop_deprecated.obj)' or at 'C:\Users\sga\Documents\Vision\vision-finnff\source\ExternalDLL\Debug\opencv_core.pdb'; linking object as if no debug info
opencv_core2412.lib(parallel.obj) : warning LNK4099: PDB 'opencv_core.pdb' was not found with 'opencv_core2412.lib(parallel.obj)' or at 'C:\Users\sga\Documents\Vision\vision-finnff\source\ExternalDLL\Debug\opencv_core.pdb'; linking object as if no debug info
opencv_core2412.lib(persistence.obj) : warning LNK4099: PDB 'opencv_core.pdb' was not found with 'opencv_core2412.lib(persistence.obj)' or at 'C:\Users\sga\Documents\Vision\vision-finnff\source\ExternalDLL\Debug\opencv_core.pdb'; linking object as if no debug info
opencv_core2412.lib(rand.obj) : warning LNK4099: PDB 'opencv_core.pdb' was not found with 'opencv_core2412.lib(rand.obj)' or at 'C:\Users\sga\Documents\Vision\vision-finnff\source\ExternalDLL\Debug\opencv_core.pdb'; linking object as if no debug info
opencv_core2412.lib(stat.obj) : warning LNK4099: PDB 'opencv_core.pdb' was not found with 'opencv_core2412.lib(stat.obj)' or at 'C:\Users\sga\Documents\Vision\vision-finnff\source\ExternalDLL\Debug\opencv_core.pdb'; linking object as if no debug info
opencv_core2412.lib(system.obj) : warning LNK4099: PDB 'opencv_core.pdb' was not found with 'opencv_core2412.lib(system.obj)' or at 'C:\Users\sga\Documents\Vision\vision-finnff\source\ExternalDLL\Debug\opencv_core.pdb'; linking object as if no debug info
opencv_core2412.lib(tables.obj) : warning LNK4099: PDB 'opencv_core.pdb' was not found with 'opencv_core2412.lib(tables.obj)' or at 'C:\Users\sga\Documents\Vision\vision-finnff\source\ExternalDLL\Debug\opencv_core.pdb'; linking object as if no debug info
opencv_core2412.lib(opencv_core_pch.obj) : warning LNK4099: PDB 'opencv_core.pdb' was not found with 'opencv_core2412.lib(opencv_core_pch.obj)' or at 'C:\Users\sga\Documents\Vision\vision-finnff\source\ExternalDLL\Debug\opencv_core.pdb'; linking object as if no debug info
libtiff.lib(tif_aux.obj) : warning LNK4099: PDB 'libtiff.pdb' was not found with 'libtiff.lib(tif_aux.obj)' or at 'C:\Users\sga\Documents\Vision\vision-finnff\source\ExternalDLL\Debug\libtiff.pdb'; linking object as if no debug info
libtiff.lib(tif_close.obj) : warning LNK4099: PDB 'libtiff.pdb' was not found with 'libtiff.lib(tif_close.obj)' or at 'C:\Users\sga\Documents\Vision\vision-finnff\source\ExternalDLL\Debug\libtiff.pdb'; linking object as if no debug info
libtiff.lib(tif_codec.obj) : warning LNK4099: PDB 'libtiff.pdb' was not found with 'libtiff.lib(tif_codec.obj)' or at 'C:\Users\sga\Documents\Vision\vision-finnff\source\ExternalDLL\Debug\libtiff.pdb'; linking object as if no debug info
libtiff.lib(tif_color.obj) : warning LNK4099: PDB 'libtiff.pdb' was not found with 'libtiff.lib(tif_color.obj)' or at 'C:\Users\sga\Documents\Vision\vision-finnff\source\ExternalDLL\Debug\libtiff.pdb'; linking object as if no debug info
libtiff.lib(tif_compress.obj) : warning LNK4099: PDB 'libtiff.pdb' was not found with 'libtiff.lib(tif_compress.obj)' or at 'C:\Users\sga\Documents\Vision\vision-finnff\source\ExternalDLL\Debug\libtiff.pdb'; linking object as if no debug info
libtiff.lib(tif_dir.obj) : warning LNK4099: PDB 'libtiff.pdb' was not found with 'libtiff.lib(tif_dir.obj)' or at 'C:\Users\sga\Documents\Vision\vision-finnff\source\ExternalDLL\Debug\libtiff.pdb'; linking object as if no debug info
libtiff.lib(tif_dirinfo.obj) : warning LNK4099: PDB 'libtiff.pdb' was not found with 'libtiff.lib(tif_dirinfo.obj)' or at 'C:\Users\sga\Documents\Vision\vision-finnff\source\ExternalDLL\Debug\libtiff.pdb'; linking object as if no debug info
libtiff.lib(tif_dirread.obj) : warning LNK4099: PDB 'libtiff.pdb' was not found with 'libtiff.lib(tif_dirread.obj)' or at 'C:\Users\sga\Documents\Vision\vision-finnff\source\ExternalDLL\Debug\libtiff.pdb'; linking object as if no debug info
libtiff.lib(tif_dirwrite.obj) : warning LNK4099: PDB 'libtiff.pdb' was not found with 'libtiff.lib(tif_dirwrite.obj)' or at 'C:\Users\sga\Documents\Vision\vision-finnff\source\ExternalDLL\Debug\libtiff.pdb'; linking object as if no debug info
libtiff.lib(tif_dumpmode.obj) : warning LNK4099: PDB 'libtiff.pdb' was not found with 'libtiff.lib(tif_dumpmode.obj)' or at 'C:\Users\sga\Documents\Vision\vision-finnff\source\ExternalDLL\Debug\libtiff.pdb'; linking object as if no debug info
libtiff.lib(tif_error.obj) : warning LNK4099: PDB 'libtiff.pdb' was not found with 'libtiff.lib(tif_error.obj)' or at 'C:\Users\sga\Documents\Vision\vision-finnff\source\ExternalDLL\Debug\libtiff.pdb'; linking object as if no debug info
libtiff.lib(tif_fax3.obj) : warning LNK4099: PDB 'libtiff.pdb' was not found with 'libtiff.lib(tif_fax3.obj)' or at 'C:\Users\sga\Documents\Vision\vision-finnff\source\ExternalDLL\Debug\libtiff.pdb'; linking object as if no debug info
libtiff.lib(tif_fax3sm.obj) : warning LNK4099: PDB 'libtiff.pdb' was not found with 'libtiff.lib(tif_fax3sm.obj)' or at 'C:\Users\sga\Documents\Vision\vision-finnff\source\ExternalDLL\Debug\libtiff.pdb'; linking object as if no debug info
libtiff.lib(tif_flush.obj) : warning LNK4099: PDB 'libtiff.pdb' was not found with 'libtiff.lib(tif_flush.obj)' or at 'C:\Users\sga\Documents\Vision\vision-finnff\source\ExternalDLL\Debug\libtiff.pdb'; linking object as if no debug info
libtiff.lib(tif_getimage.obj) : warning LNK4099: PDB 'libtiff.pdb' was not found with 'libtiff.lib(tif_getimage.obj)' or at 'C:\Users\sga\Documents\Vision\vision-finnff\source\ExternalDLL\Debug\libtiff.pdb'; linking object as if no debug info
libtiff.lib(tif_luv.obj) : warning LNK4099: PDB 'libtiff.pdb' was not found with 'libtiff.lib(tif_luv.obj)' or at 'C:\Users\sga\Documents\Vision\vision-finnff\source\ExternalDLL\Debug\libtiff.pdb'; linking object as if no debug info
libtiff.lib(tif_lzw.obj) : warning LNK4099: PDB 'libtiff.pdb' was not found with 'libtiff.lib(tif_lzw.obj)' or at 'C:\Users\sga\Documents\Vision\vision-finnff\source\ExternalDLL\Debug\libtiff.pdb'; linking object as if no debug info
libtiff.lib(tif_next.obj) : warning LNK4099: PDB 'libtiff.pdb' was not found with 'libtiff.lib(tif_next.obj)' or at 'C:\Users\sga\Documents\Vision\vision-finnff\source\ExternalDLL\Debug\libtiff.pdb'; linking object as if no debug info
libtiff.lib(tif_open.obj) : warning LNK4099: PDB 'libtiff.pdb' was not found with 'libtiff.lib(tif_open.obj)' or at 'C:\Users\sga\Documents\Vision\vision-finnff\source\ExternalDLL\Debug\libtiff.pdb'; linking object as if no debug info
libtiff.lib(tif_packbits.obj) : warning LNK4099: PDB 'libtiff.pdb' was not found with 'libtiff.lib(tif_packbits.obj)' or at 'C:\Users\sga\Documents\Vision\vision-finnff\source\ExternalDLL\Debug\libtiff.pdb'; linking object as if no debug info
libtiff.lib(tif_pixarlog.obj) : warning LNK4099: PDB 'libtiff.pdb' was not found with 'libtiff.lib(tif_pixarlog.obj)' or at 'C:\Users\sga\Documents\Vision\vision-finnff\source\ExternalDLL\Debug\libtiff.pdb'; linking object as if no debug info
libtiff.lib(tif_predict.obj) : warning LNK4099: PDB 'libtiff.pdb' was not found with 'libtiff.lib(tif_predict.obj)' or at 'C:\Users\sga\Documents\Vision\vision-finnff\source\ExternalDLL\Debug\libtiff.pdb'; linking object as if no debug info
libtiff.lib(tif_read.obj) : warning LNK4099: PDB 'libtiff.pdb' was not found with 'libtiff.lib(tif_read.obj)' or at 'C:\Users\sga\Documents\Vision\vision-finnff\source\ExternalDLL\Debug\libtiff.pdb'; linking object as if no debug info
libtiff.lib(tif_strip.obj) : warning LNK4099: PDB 'libtiff.pdb' was not found with 'libtiff.lib(tif_strip.obj)' or at 'C:\Users\sga\Documents\Vision\vision-finnff\source\ExternalDLL\Debug\libtiff.pdb'; linking object as if no debug info
libtiff.lib(tif_swab.obj) : warning LNK4099: PDB 'libtiff.pdb' was not found with 'libtiff.lib(tif_swab.obj)' or at 'C:\Users\sga\Documents\Vision\vision-finnff\source\ExternalDLL\Debug\libtiff.pdb'; linking object as if no debug info
libtiff.lib(tif_thunder.obj) : warning LNK4099: PDB 'libtiff.pdb' was not found with 'libtiff.lib(tif_thunder.obj)' or at 'C:\Users\sga\Documents\Vision\vision-finnff\source\ExternalDLL\Debug\libtiff.pdb'; linking object as if no debug info
libtiff.lib(tif_tile.obj) : warning LNK4099: PDB 'libtiff.pdb' was not found with 'libtiff.lib(tif_tile.obj)' or at 'C:\Users\sga\Documents\Vision\vision-finnff\source\ExternalDLL\Debug\libtiff.pdb'; linking object as if no debug info
libtiff.lib(tif_warning.obj) : warning LNK4099: PDB 'libtiff.pdb' was not found with 'libtiff.lib(tif_warning.obj)' or at 'C:\Users\sga\Documents\Vision\vision-finnff\source\ExternalDLL\Debug\libtiff.pdb'; linking object as if no debug info
libtiff.lib(tif_write.obj) : warning LNK4099: PDB 'libtiff.pdb' was not found with 'libtiff.lib(tif_write.obj)' or at 'C:\Users\sga\Documents\Vision\vision-finnff\source\ExternalDLL\Debug\libtiff.pdb'; linking object as if no debug info
libtiff.lib(tif_zip.obj) : warning LNK4099: PDB 'libtiff.pdb' was not found with 'libtiff.lib(tif_zip.obj)' or at 'C:\Users\sga\Documents\Vision\vision-finnff\source\ExternalDLL\Debug\libtiff.pdb'; linking object as if no debug info
libtiff.lib(tif_win32.obj) : warning LNK4099: PDB 'libtiff.pdb' was not found with 'libtiff.lib(tif_win32.obj)' or at 'C:\Users\sga\Documents\Vision\vision-finnff\source\ExternalDLL\Debug\libtiff.pdb'; linking object as if no debug info
libpng.lib(png.obj) : warning LNK4099: PDB 'libpng.pdb' was not found with 'libpng.lib(png.obj)' or at 'C:\Users\sga\Documents\Vision\vision-finnff\source\ExternalDLL\Debug\libpng.pdb'; linking object as if no debug info
libpng.lib(pngerror.obj) : warning LNK4099: PDB 'libpng.pdb' was not found with 'libpng.lib(pngerror.obj)' or at 'C:\Users\sga\Documents\Vision\vision-finnff\source\ExternalDLL\Debug\libpng.pdb'; linking object as if no debug info
libpng.lib(pngget.obj) : warning LNK4099: PDB 'libpng.pdb' was not found with 'libpng.lib(pngget.obj)' or at 'C:\Users\sga\Documents\Vision\vision-finnff\source\ExternalDLL\Debug\libpng.pdb'; linking object as if no debug info
libpng.lib(pngmem.obj) : warning LNK4099: PDB 'libpng.pdb' was not found with 'libpng.lib(pngmem.obj)' or at 'C:\Users\sga\Documents\Vision\vision-finnff\source\ExternalDLL\Debug\libpng.pdb'; linking object as if no debug info
libpng.lib(pngread.obj) : warning LNK4099: PDB 'libpng.pdb' was not found with 'libpng.lib(pngread.obj)' or at 'C:\Users\sga\Documents\Vision\vision-finnff\source\ExternalDLL\Debug\libpng.pdb'; linking object as if no debug info
libpng.lib(pngrio.obj) : warning LNK4099: PDB 'libpng.pdb' was not found with 'libpng.lib(pngrio.obj)' or at 'C:\Users\sga\Documents\Vision\vision-finnff\source\ExternalDLL\Debug\libpng.pdb'; linking object as if no debug info
libpng.lib(pngrtran.obj) : warning LNK4099: PDB 'libpng.pdb' was not found with 'libpng.lib(pngrtran.obj)' or at 'C:\Users\sga\Documents\Vision\vision-finnff\source\ExternalDLL\Debug\libpng.pdb'; linking object as if no debug info
libpng.lib(pngrutil.obj) : warning LNK4099: PDB 'libpng.pdb' was not found with 'libpng.lib(pngrutil.obj)' or at 'C:\Users\sga\Documents\Vision\vision-finnff\source\ExternalDLL\Debug\libpng.pdb'; linking object as if no debug info
libpng.lib(pngset.obj) : warning LNK4099: PDB 'libpng.pdb' was not found with 'libpng.lib(pngset.obj)' or at 'C:\Users\sga\Documents\Vision\vision-finnff\source\ExternalDLL\Debug\libpng.pdb'; linking object as if no debug info
libpng.lib(pngtrans.obj) : warning LNK4099: PDB 'libpng.pdb' was not found with 'libpng.lib(pngtrans.obj)' or at 'C:\Users\sga\Documents\Vision\vision-finnff\source\ExternalDLL\Debug\libpng.pdb'; linking object as if no debug info
libpng.lib(pngwio.obj) : warning LNK4099: PDB 'libpng.pdb' was not found with 'libpng.lib(pngwio.obj)' or at 'C:\Users\sga\Documents\Vision\vision-finnff\source\ExternalDLL\Debug\libpng.pdb'; linking object as if no debug info
libpng.lib(pngwrite.obj) : warning LNK4099: PDB 'libpng.pdb' was not found with 'libpng.lib(pngwrite.obj)' or at 'C:\Users\sga\Documents\Vision\vision-finnff\source\ExternalDLL\Debug\libpng.pdb'; linking object as if no debug info
libpng.lib(pngwtran.obj) : warning LNK4099: PDB 'libpng.pdb' was not found with 'libpng.lib(pngwtran.obj)' or at 'C:\Users\sga\Documents\Vision\vision-finnff\source\ExternalDLL\Debug\libpng.pdb'; linking object as if no debug info
libpng.lib(pngwutil.obj) : warning LNK4099: PDB 'libpng.pdb' was not found with 'libpng.lib(pngwutil.obj)' or at 'C:\Users\sga\Documents\Vision\vision-finnff\source\ExternalDLL\Debug\libpng.pdb'; linking object as if no debug info
libjpeg.lib(jcapimin.obj) : warning LNK4099: PDB 'libjpeg.pdb' was not found with 'libjpeg.lib(jcapimin.obj)' or at 'C:\Users\sga\Documents\Vision\vision-finnff\source\ExternalDLL\Debug\libjpeg.pdb'; linking object as if no debug info
libjpeg.lib(jcapistd.obj) : warning LNK4099: PDB 'libjpeg.pdb' was not found with 'libjpeg.lib(jcapistd.obj)' or at 'C:\Users\sga\Documents\Vision\vision-finnff\source\ExternalDLL\Debug\libjpeg.pdb'; linking object as if no debug info
libjpeg.lib(jccoefct.obj) : warning LNK4099: PDB 'libjpeg.pdb' was not found with 'libjpeg.lib(jccoefct.obj)' or at 'C:\Users\sga\Documents\Vision\vision-finnff\source\ExternalDLL\Debug\libjpeg.pdb'; linking object as if no debug info
libjpeg.lib(jccolor.obj) : warning LNK4099: PDB 'libjpeg.pdb' was not found with 'libjpeg.lib(jccolor.obj)' or at 'C:\Users\sga\Documents\Vision\vision-finnff\source\ExternalDLL\Debug\libjpeg.pdb'; linking object as if no debug info
libjpeg.lib(jcdctmgr.obj) : warning LNK4099: PDB 'libjpeg.pdb' was not found with 'libjpeg.lib(jcdctmgr.obj)' or at 'C:\Users\sga\Documents\Vision\vision-finnff\source\ExternalDLL\Debug\libjpeg.pdb'; linking object as if no debug info
libjpeg.lib(jchuff.obj) : warning LNK4099: PDB 'libjpeg.pdb' was not found with 'libjpeg.lib(jchuff.obj)' or at 'C:\Users\sga\Documents\Vision\vision-finnff\source\ExternalDLL\Debug\libjpeg.pdb'; linking object as if no debug info
libjpeg.lib(jcinit.obj) : warning LNK4099: PDB 'libjpeg.pdb' was not found with 'libjpeg.lib(jcinit.obj)' or at 'C:\Users\sga\Documents\Vision\vision-finnff\source\ExternalDLL\Debug\libjpeg.pdb'; linking object as if no debug info
libjpeg.lib(jcmainct.obj) : warning LNK4099: PDB 'libjpeg.pdb' was not found with 'libjpeg.lib(jcmainct.obj)' or at 'C:\Users\sga\Documents\Vision\vision-finnff\source\ExternalDLL\Debug\libjpeg.pdb'; linking object as if no debug info
libjpeg.lib(jcmarker.obj) : warning LNK4099: PDB 'libjpeg.pdb' was not found with 'libjpeg.lib(jcmarker.obj)' or at 'C:\Users\sga\Documents\Vision\vision-finnff\source\ExternalDLL\Debug\libjpeg.pdb'; linking object as if no debug info
libjpeg.lib(jcmaster.obj) : warning LNK4099: PDB 'libjpeg.pdb' was not found with 'libjpeg.lib(jcmaster.obj)' or at 'C:\Users\sga\Documents\Vision\vision-finnff\source\ExternalDLL\Debug\libjpeg.pdb'; linking object as if no debug info
libjpeg.lib(jcomapi.obj) : warning LNK4099: PDB 'libjpeg.pdb' was not found with 'libjpeg.lib(jcomapi.obj)' or at 'C:\Users\sga\Documents\Vision\vision-finnff\source\ExternalDLL\Debug\libjpeg.pdb'; linking object as if no debug info
libjpeg.lib(jcparam.obj) : warning LNK4099: PDB 'libjpeg.pdb' was not found with 'libjpeg.lib(jcparam.obj)' or at 'C:\Users\sga\Documents\Vision\vision-finnff\source\ExternalDLL\Debug\libjpeg.pdb'; linking object as if no debug info
libjpeg.lib(jcphuff.obj) : warning LNK4099: PDB 'libjpeg.pdb' was not found with 'libjpeg.lib(jcphuff.obj)' or at 'C:\Users\sga\Documents\Vision\vision-finnff\source\ExternalDLL\Debug\libjpeg.pdb'; linking object as if no debug info
libjpeg.lib(jcprepct.obj) : warning LNK4099: PDB 'libjpeg.pdb' was not found with 'libjpeg.lib(jcprepct.obj)' or at 'C:\Users\sga\Documents\Vision\vision-finnff\source\ExternalDLL\Debug\libjpeg.pdb'; linking object as if no debug info
libjpeg.lib(jcsample.obj) : warning LNK4099: PDB 'libjpeg.pdb' was not found with 'libjpeg.lib(jcsample.obj)' or at 'C:\Users\sga\Documents\Vision\vision-finnff\source\ExternalDLL\Debug\libjpeg.pdb'; linking object as if no debug info
libjpeg.lib(jdapimin.obj) : warning LNK4099: PDB 'libjpeg.pdb' was not found with 'libjpeg.lib(jdapimin.obj)' or at 'C:\Users\sga\Documents\Vision\vision-finnff\source\ExternalDLL\Debug\libjpeg.pdb'; linking object as if no debug info
libjpeg.lib(jdapistd.obj) : warning LNK4099: PDB 'libjpeg.pdb' was not found with 'libjpeg.lib(jdapistd.obj)' or at 'C:\Users\sga\Documents\Vision\vision-finnff\source\ExternalDLL\Debug\libjpeg.pdb'; linking object as if no debug info
libjpeg.lib(jdatadst.obj) : warning LNK4099: PDB 'libjpeg.pdb' was not found with 'libjpeg.lib(jdatadst.obj)' or at 'C:\Users\sga\Documents\Vision\vision-finnff\source\ExternalDLL\Debug\libjpeg.pdb'; linking object as if no debug info
libjpeg.lib(jdatasrc.obj) : warning LNK4099: PDB 'libjpeg.pdb' was not found with 'libjpeg.lib(jdatasrc.obj)' or at 'C:\Users\sga\Documents\Vision\vision-finnff\source\ExternalDLL\Debug\libjpeg.pdb'; linking object as if no debug info
libjpeg.lib(jdcoefct.obj) : warning LNK4099: PDB 'libjpeg.pdb' was not found with 'libjpeg.lib(jdcoefct.obj)' or at 'C:\Users\sga\Documents\Vision\vision-finnff\source\ExternalDLL\Debug\libjpeg.pdb'; linking object as if no debug info
libjpeg.lib(jdcolor.obj) : warning LNK4099: PDB 'libjpeg.pdb' was not found with 'libjpeg.lib(jdcolor.obj)' or at 'C:\Users\sga\Documents\Vision\vision-finnff\source\ExternalDLL\Debug\libjpeg.pdb'; linking object as if no debug info
libjpeg.lib(jddctmgr.obj) : warning LNK4099: PDB 'libjpeg.pdb' was not found with 'libjpeg.lib(jddctmgr.obj)' or at 'C:\Users\sga\Documents\Vision\vision-finnff\source\ExternalDLL\Debug\libjpeg.pdb'; linking object as if no debug info
libjpeg.lib(jdhuff.obj) : warning LNK4099: PDB 'libjpeg.pdb' was not found with 'libjpeg.lib(jdhuff.obj)' or at 'C:\Users\sga\Documents\Vision\vision-finnff\source\ExternalDLL\Debug\libjpeg.pdb'; linking object as if no debug info
libjpeg.lib(jdinput.obj) : warning LNK4099: PDB 'libjpeg.pdb' was not found with 'libjpeg.lib(jdinput.obj)' or at 'C:\Users\sga\Documents\Vision\vision-finnff\source\ExternalDLL\Debug\libjpeg.pdb'; linking object as if no debug info
libjpeg.lib(jdmainct.obj) : warning LNK4099: PDB 'libjpeg.pdb' was not found with 'libjpeg.lib(jdmainct.obj)' or at 'C:\Users\sga\Documents\Vision\vision-finnff\source\ExternalDLL\Debug\libjpeg.pdb'; linking object as if no debug info
libjpeg.lib(jdmarker.obj) : warning LNK4099: PDB 'libjpeg.pdb' was not found with 'libjpeg.lib(jdmarker.obj)' or at 'C:\Users\sga\Documents\Vision\vision-finnff\source\ExternalDLL\Debug\libjpeg.pdb'; linking object as if no debug info
libjpeg.lib(jdmaster.obj) : warning LNK4099: PDB 'libjpeg.pdb' was not found with 'libjpeg.lib(jdmaster.obj)' or at 'C:\Users\sga\Documents\Vision\vision-finnff\source\ExternalDLL\Debug\libjpeg.pdb'; linking object as if no debug info
libjpeg.lib(jdmerge.obj) : warning LNK4099: PDB 'libjpeg.pdb' was not found with 'libjpeg.lib(jdmerge.obj)' or at 'C:\Users\sga\Documents\Vision\vision-finnff\source\ExternalDLL\Debug\libjpeg.pdb'; linking object as if no debug info
libjpeg.lib(jdphuff.obj) : warning LNK4099: PDB 'libjpeg.pdb' was not found with 'libjpeg.lib(jdphuff.obj)' or at 'C:\Users\sga\Documents\Vision\vision-finnff\source\ExternalDLL\Debug\libjpeg.pdb'; linking object as if no debug info
libjpeg.lib(jdpostct.obj) : warning LNK4099: PDB 'libjpeg.pdb' was not found with 'libjpeg.lib(jdpostct.obj)' or at 'C:\Users\sga\Documents\Vision\vision-finnff\source\ExternalDLL\Debug\libjpeg.pdb'; linking object as if no debug info
libjpeg.lib(jdsample.obj) : warning LNK4099: PDB 'libjpeg.pdb' was not found with 'libjpeg.lib(jdsample.obj)' or at 'C:\Users\sga\Documents\Vision\vision-finnff\source\ExternalDLL\Debug\libjpeg.pdb'; linking object as if no debug info
libjpeg.lib(jerror.obj) : warning LNK4099: PDB 'libjpeg.pdb' was not found with 'libjpeg.lib(jerror.obj)' or at 'C:\Users\sga\Documents\Vision\vision-finnff\source\ExternalDLL\Debug\libjpeg.pdb'; linking object as if no debug info
libjpeg.lib(jfdctflt.obj) : warning LNK4099: PDB 'libjpeg.pdb' was not found with 'libjpeg.lib(jfdctflt.obj)' or at 'C:\Users\sga\Documents\Vision\vision-finnff\source\ExternalDLL\Debug\libjpeg.pdb'; linking object as if no debug info
libjpeg.lib(jfdctfst.obj) : warning LNK4099: PDB 'libjpeg.pdb' was not found with 'libjpeg.lib(jfdctfst.obj)' or at 'C:\Users\sga\Documents\Vision\vision-finnff\source\ExternalDLL\Debug\libjpeg.pdb'; linking object as if no debug info
libjpeg.lib(jfdctint.obj) : warning LNK4099: PDB 'libjpeg.pdb' was not found with 'libjpeg.lib(jfdctint.obj)' or at 'C:\Users\sga\Documents\Vision\vision-finnff\source\ExternalDLL\Debug\libjpeg.pdb'; linking object as if no debug info
libjpeg.lib(jidctflt.obj) : warning LNK4099: PDB 'libjpeg.pdb' was not found with 'libjpeg.lib(jidctflt.obj)' or at 'C:\Users\sga\Documents\Vision\vision-finnff\source\ExternalDLL\Debug\libjpeg.pdb'; linking object as if no debug info
libjpeg.lib(jidctfst.obj) : warning LNK4099: PDB 'libjpeg.pdb' was not found with 'libjpeg.lib(jidctfst.obj)' or at 'C:\Users\sga\Documents\Vision\vision-finnff\source\ExternalDLL\Debug\libjpeg.pdb'; linking object as if no debug info
libjpeg.lib(jidctint.obj) : warning LNK4099: PDB 'libjpeg.pdb' was not found with 'libjpeg.lib(jidctint.obj)' or at 'C:\Users\sga\Documents\Vision\vision-finnff\source\ExternalDLL\Debug\libjpeg.pdb'; linking object as if no debug info
libjpeg.lib(jidctred.obj) : warning LNK4099: PDB 'libjpeg.pdb' was not found with 'libjpeg.lib(jidctred.obj)' or at 'C:\Users\sga\Documents\Vision\vision-finnff\source\ExternalDLL\Debug\libjpeg.pdb'; linking object as if no debug info
libjpeg.lib(jmemansi.obj) : warning LNK4099: PDB 'libjpeg.pdb' was not found with 'libjpeg.lib(jmemansi.obj)' or at 'C:\Users\sga\Documents\Vision\vision-finnff\source\ExternalDLL\Debug\libjpeg.pdb'; linking object as if no debug info
libjpeg.lib(jmemmgr.obj) : warning LNK4099: PDB 'libjpeg.pdb' was not found with 'libjpeg.lib(jmemmgr.obj)' or at 'C:\Users\sga\Documents\Vision\vision-finnff\source\ExternalDLL\Debug\libjpeg.pdb'; linking object as if no debug info
libjpeg.lib(jquant1.obj) : warning LNK4099: PDB 'libjpeg.pdb' was not found with 'libjpeg.lib(jquant1.obj)' or at 'C:\Users\sga\Documents\Vision\vision-finnff\source\ExternalDLL\Debug\libjpeg.pdb'; linking object as if no debug info
libjpeg.lib(jquant2.obj) : warning LNK4099: PDB 'libjpeg.pdb' was not found with 'libjpeg.lib(jquant2.obj)' or at 'C:\Users\sga\Documents\Vision\vision-finnff\source\ExternalDLL\Debug\libjpeg.pdb'; linking object as if no debug info
libjpeg.lib(jutils.obj) : warning LNK4099: PDB 'libjpeg.pdb' was not found with 'libjpeg.lib(jutils.obj)' or at 'C:\Users\sga\Documents\Vision\vision-finnff\source\ExternalDLL\Debug\libjpeg.pdb'; linking object as if no debug info
libjasper.lib(jas_cm.obj) : warning LNK4099: PDB 'libjasper.pdb' was not found with 'libjasper.lib(jas_cm.obj)' or at 'C:\Users\sga\Documents\Vision\vision-finnff\source\ExternalDLL\Debug\libjasper.pdb'; linking object as if no debug info
libjasper.lib(jas_debug.obj) : warning LNK4099: PDB 'libjasper.pdb' was not found with 'libjasper.lib(jas_debug.obj)' or at 'C:\Users\sga\Documents\Vision\vision-finnff\source\ExternalDLL\Debug\libjasper.pdb'; linking object as if no debug info
libjasper.lib(jas_icc.obj) : warning LNK4099: PDB 'libjasper.pdb' was not found with 'libjasper.lib(jas_icc.obj)' or at 'C:\Users\sga\Documents\Vision\vision-finnff\source\ExternalDLL\Debug\libjasper.pdb'; linking object as if no debug info
libjasper.lib(jas_iccdata.obj) : warning LNK4099: PDB 'libjasper.pdb' was not found with 'libjasper.lib(jas_iccdata.obj)' or at 'C:\Users\sga\Documents\Vision\vision-finnff\source\ExternalDLL\Debug\libjasper.pdb'; linking object as if no debug info
libjasper.lib(jas_image.obj) : warning LNK4099: PDB 'libjasper.pdb' was not found with 'libjasper.lib(jas_image.obj)' or at 'C:\Users\sga\Documents\Vision\vision-finnff\source\ExternalDLL\Debug\libjasper.pdb'; linking object as if no debug info
libjasper.lib(jas_init.obj) : warning LNK4099: PDB 'libjasper.pdb' was not found with 'libjasper.lib(jas_init.obj)' or at 'C:\Users\sga\Documents\Vision\vision-finnff\source\ExternalDLL\Debug\libjasper.pdb'; linking object as if no debug info
libjasper.lib(jas_malloc.obj) : warning LNK4099: PDB 'libjasper.pdb' was not found with 'libjasper.lib(jas_malloc.obj)' or at 'C:\Users\sga\Documents\Vision\vision-finnff\source\ExternalDLL\Debug\libjasper.pdb'; linking object as if no debug info
libjasper.lib(jas_seq.obj) : warning LNK4099: PDB 'libjasper.pdb' was not found with 'libjasper.lib(jas_seq.obj)' or at 'C:\Users\sga\Documents\Vision\vision-finnff\source\ExternalDLL\Debug\libjasper.pdb'; linking object as if no debug info
libjasper.lib(jas_stream.obj) : warning LNK4099: PDB 'libjasper.pdb' was not found with 'libjasper.lib(jas_stream.obj)' or at 'C:\Users\sga\Documents\Vision\vision-finnff\source\ExternalDLL\Debug\libjasper.pdb'; linking object as if no debug info
libjasper.lib(jas_string.obj) : warning LNK4099: PDB 'libjasper.pdb' was not found with 'libjasper.lib(jas_string.obj)' or at 'C:\Users\sga\Documents\Vision\vision-finnff\source\ExternalDLL\Debug\libjasper.pdb'; linking object as if no debug info
libjasper.lib(jas_tvp.obj) : warning LNK4099: PDB 'libjasper.pdb' was not found with 'libjasper.lib(jas_tvp.obj)' or at 'C:\Users\sga\Documents\Vision\vision-finnff\source\ExternalDLL\Debug\libjasper.pdb'; linking object as if no debug info
libjasper.lib(jas_version.obj) : warning LNK4099: PDB 'libjasper.pdb' was not found with 'libjasper.lib(jas_version.obj)' or at 'C:\Users\sga\Documents\Vision\vision-finnff\source\ExternalDLL\Debug\libjasper.pdb'; linking object as if no debug info
libjasper.lib(jp2_cod.obj) : warning LNK4099: PDB 'libjasper.pdb' was not found with 'libjasper.lib(jp2_cod.obj)' or at 'C:\Users\sga\Documents\Vision\vision-finnff\source\ExternalDLL\Debug\libjasper.pdb'; linking object as if no debug info
libjasper.lib(jp2_dec.obj) : warning LNK4099: PDB 'libjasper.pdb' was not found with 'libjasper.lib(jp2_dec.obj)' or at 'C:\Users\sga\Documents\Vision\vision-finnff\source\ExternalDLL\Debug\libjasper.pdb'; linking object as if no debug info
libjasper.lib(jp2_enc.obj) : warning LNK4099: PDB 'libjasper.pdb' was not found with 'libjasper.lib(jp2_enc.obj)' or at 'C:\Users\sga\Documents\Vision\vision-finnff\source\ExternalDLL\Debug\libjasper.pdb'; linking object as if no debug info
libjasper.lib(jpc_bs.obj) : warning LNK4099: PDB 'libjasper.pdb' was not found with 'libjasper.lib(jpc_bs.obj)' or at 'C:\Users\sga\Documents\Vision\vision-finnff\source\ExternalDLL\Debug\libjasper.pdb'; linking object as if no debug info
libjasper.lib(jpc_cs.obj) : warning LNK4099: PDB 'libjasper.pdb' was not found with 'libjasper.lib(jpc_cs.obj)' or at 'C:\Users\sga\Documents\Vision\vision-finnff\source\ExternalDLL\Debug\libjasper.pdb'; linking object as if no debug info
libjasper.lib(jpc_dec.obj) : warning LNK4099: PDB 'libjasper.pdb' was not found with 'libjasper.lib(jpc_dec.obj)' or at 'C:\Users\sga\Documents\Vision\vision-finnff\source\ExternalDLL\Debug\libjasper.pdb'; linking object as if no debug info
libjasper.lib(jpc_enc.obj) : warning LNK4099: PDB 'libjasper.pdb' was not found with 'libjasper.lib(jpc_enc.obj)' or at 'C:\Users\sga\Documents\Vision\vision-finnff\source\ExternalDLL\Debug\libjasper.pdb'; linking object as if no debug info
libjasper.lib(jpc_math.obj) : warning LNK4099: PDB 'libjasper.pdb' was not found with 'libjasper.lib(jpc_math.obj)' or at 'C:\Users\sga\Documents\Vision\vision-finnff\source\ExternalDLL\Debug\libjasper.pdb'; linking object as if no debug info
libjasper.lib(jpc_mct.obj) : warning LNK4099: PDB 'libjasper.pdb' was not found with 'libjasper.lib(jpc_mct.obj)' or at 'C:\Users\sga\Documents\Vision\vision-finnff\source\ExternalDLL\Debug\libjasper.pdb'; linking object as if no debug info
libjasper.lib(jpc_mqcod.obj) : warning LNK4099: PDB 'libjasper.pdb' was not found with 'libjasper.lib(jpc_mqcod.obj)' or at 'C:\Users\sga\Documents\Vision\vision-finnff\source\ExternalDLL\Debug\libjasper.pdb'; linking object as if no debug info
libjasper.lib(jpc_mqdec.obj) : warning LNK4099: PDB 'libjasper.pdb' was not found with 'libjasper.lib(jpc_mqdec.obj)' or at 'C:\Users\sga\Documents\Vision\vision-finnff\source\ExternalDLL\Debug\libjasper.pdb'; linking object as if no debug info
libjasper.lib(jpc_mqenc.obj) : warning LNK4099: PDB 'libjasper.pdb' was not found with 'libjasper.lib(jpc_mqenc.obj)' or at 'C:\Users\sga\Documents\Vision\vision-finnff\source\ExternalDLL\Debug\libjasper.pdb'; linking object as if no debug info
libjasper.lib(jpc_qmfb.obj) : warning LNK4099: PDB 'libjasper.pdb' was not found with 'libjasper.lib(jpc_qmfb.obj)' or at 'C:\Users\sga\Documents\Vision\vision-finnff\source\ExternalDLL\Debug\libjasper.pdb'; linking object as if no debug info
libjasper.lib(jpc_t1cod.obj) : warning LNK4099: PDB 'libjasper.pdb' was not found with 'libjasper.lib(jpc_t1cod.obj)' or at 'C:\Users\sga\Documents\Vision\vision-finnff\source\ExternalDLL\Debug\libjasper.pdb'; linking object as if no debug info
libjasper.lib(jpc_t1dec.obj) : warning LNK4099: PDB 'libjasper.pdb' was not found with 'libjasper.lib(jpc_t1dec.obj)' or at 'C:\Users\sga\Documents\Vision\vision-finnff\source\ExternalDLL\Debug\libjasper.pdb'; linking object as if no debug info
libjasper.lib(jpc_t1enc.obj) : warning LNK4099: PDB 'libjasper.pdb' was not found with 'libjasper.lib(jpc_t1enc.obj)' or at 'C:\Users\sga\Documents\Vision\vision-finnff\source\ExternalDLL\Debug\libjasper.pdb'; linking object as if no debug info
libjasper.lib(jpc_t2cod.obj) : warning LNK4099: PDB 'libjasper.pdb' was not found with 'libjasper.lib(jpc_t2cod.obj)' or at 'C:\Users\sga\Documents\Vision\vision-finnff\source\ExternalDLL\Debug\libjasper.pdb'; linking object as if no debug info
libjasper.lib(jpc_t2dec.obj) : warning LNK4099: PDB 'libjasper.pdb' was not found with 'libjasper.lib(jpc_t2dec.obj)' or at 'C:\Users\sga\Documents\Vision\vision-finnff\source\ExternalDLL\Debug\libjasper.pdb'; linking object as if no debug info
libjasper.lib(jpc_t2enc.obj) : warning LNK4099: PDB 'libjasper.pdb' was not found with 'libjasper.lib(jpc_t2enc.obj)' or at 'C:\Users\sga\Documents\Vision\vision-finnff\source\ExternalDLL\Debug\libjasper.pdb'; linking object as if no debug info
libjasper.lib(jpc_tagtree.obj) : warning LNK4099: PDB 'libjasper.pdb' was not found with 'libjasper.lib(jpc_tagtree.obj)' or at 'C:\Users\sga\Documents\Vision\vision-finnff\source\ExternalDLL\Debug\libjasper.pdb'; linking object as if no debug info
libjasper.lib(jpc_tsfb.obj) : warning LNK4099: PDB 'libjasper.pdb' was not found with 'libjasper.lib(jpc_tsfb.obj)' or at 'C:\Users\sga\Documents\Vision\vision-finnff\source\ExternalDLL\Debug\libjasper.pdb'; linking object as if no debug info
libjasper.lib(jpc_util.obj) : warning LNK4099: PDB 'libjasper.pdb' was not found with 'libjasper.lib(jpc_util.obj)' or at 'C:\Users\sga\Documents\Vision\vision-finnff\source\ExternalDLL\Debug\libjasper.pdb'; linking object as if no debug info
IlmImf.lib(half.obj) : warning LNK4099: PDB 'IlmImf.pdb' was not found with 'IlmImf.lib(half.obj)' or at 'C:\Users\sga\Documents\Vision\vision-finnff\source\ExternalDLL\Debug\IlmImf.pdb'; linking object as if no debug info
IlmImf.lib(IexBaseExc.obj) : warning LNK4099: PDB 'IlmImf.pdb' was not found with 'IlmImf.lib(IexBaseExc.obj)' or at 'C:\Users\sga\Documents\Vision\vision-finnff\source\ExternalDLL\Debug\IlmImf.pdb'; linking object as if no debug info
IlmImf.lib(IexThrowErrnoExc.obj) : warning LNK4099: PDB 'IlmImf.pdb' was not found with 'IlmImf.lib(IexThrowErrnoExc.obj)' or at 'C:\Users\sga\Documents\Vision\vision-finnff\source\ExternalDLL\Debug\IlmImf.pdb'; linking object as if no debug info
IlmImf.lib(IlmThreadMutexWin32.obj) : warning LNK4099: PDB 'IlmImf.pdb' was not found with 'IlmImf.lib(IlmThreadMutexWin32.obj)' or at 'C:\Users\sga\Documents\Vision\vision-finnff\source\ExternalDLL\Debug\IlmImf.pdb'; linking object as if no debug info
IlmImf.lib(IlmThreadPool.obj) : warning LNK4099: PDB 'IlmImf.pdb' was not found with 'IlmImf.lib(IlmThreadPool.obj)' or at 'C:\Users\sga\Documents\Vision\vision-finnff\source\ExternalDLL\Debug\IlmImf.pdb'; linking object as if no debug info
IlmImf.lib(IlmThreadSemaphoreWin32.obj) : warning LNK4099: PDB 'IlmImf.pdb' was not found with 'IlmImf.lib(IlmThreadSemaphoreWin32.obj)' or at 'C:\Users\sga\Documents\Vision\vision-finnff\source\ExternalDLL\Debug\IlmImf.pdb'; linking object as if no debug info
IlmImf.lib(IlmThreadWin32.obj) : warning LNK4099: PDB 'IlmImf.pdb' was not found with 'IlmImf.lib(IlmThreadWin32.obj)' or at 'C:\Users\sga\Documents\Vision\vision-finnff\source\ExternalDLL\Debug\IlmImf.pdb'; linking object as if no debug info
IlmImf.lib(ImfAttribute.obj) : warning LNK4099: PDB 'IlmImf.pdb' was not found with 'IlmImf.lib(ImfAttribute.obj)' or at 'C:\Users\sga\Documents\Vision\vision-finnff\source\ExternalDLL\Debug\IlmImf.pdb'; linking object as if no debug info
IlmImf.lib(ImfB44Compressor.obj) : warning LNK4099: PDB 'IlmImf.pdb' was not found with 'IlmImf.lib(ImfB44Compressor.obj)' or at 'C:\Users\sga\Documents\Vision\vision-finnff\source\ExternalDLL\Debug\IlmImf.pdb'; linking object as if no debug info
IlmImf.lib(ImfBoxAttribute.obj) : warning LNK4099: PDB 'IlmImf.pdb' was not found with 'IlmImf.lib(ImfBoxAttribute.obj)' or at 'C:\Users\sga\Documents\Vision\vision-finnff\source\ExternalDLL\Debug\IlmImf.pdb'; linking object as if no debug info
IlmImf.lib(ImfChannelList.obj) : warning LNK4099: PDB 'IlmImf.pdb' was not found with 'IlmImf.lib(ImfChannelList.obj)' or at 'C:\Users\sga\Documents\Vision\vision-finnff\source\ExternalDLL\Debug\IlmImf.pdb'; linking object as if no debug info
IlmImf.lib(ImfChannelListAttribute.obj) : warning LNK4099: PDB 'IlmImf.pdb' was not found with 'IlmImf.lib(ImfChannelListAttribute.obj)' or at 'C:\Users\sga\Documents\Vision\vision-finnff\source\ExternalDLL\Debug\IlmImf.pdb'; linking object as if no debug info
IlmImf.lib(ImfChromaticities.obj) : warning LNK4099: PDB 'IlmImf.pdb' was not found with 'IlmImf.lib(ImfChromaticities.obj)' or at 'C:\Users\sga\Documents\Vision\vision-finnff\source\ExternalDLL\Debug\IlmImf.pdb'; linking object as if no debug info
IlmImf.lib(ImfChromaticitiesAttribute.obj) : warning LNK4099: PDB 'IlmImf.pdb' was not found with 'IlmImf.lib(ImfChromaticitiesAttribute.obj)' or at 'C:\Users\sga\Documents\Vision\vision-finnff\source\ExternalDLL\Debug\IlmImf.pdb'; linking object as if no debug info
IlmImf.lib(ImfCompressionAttribute.obj) : warning LNK4099: PDB 'IlmImf.pdb' was not found with 'IlmImf.lib(ImfCompressionAttribute.obj)' or at 'C:\Users\sga\Documents\Vision\vision-finnff\source\ExternalDLL\Debug\IlmImf.pdb'; linking object as if no debug info
IlmImf.lib(ImfCompressor.obj) : warning LNK4099: PDB 'IlmImf.pdb' was not found with 'IlmImf.lib(ImfCompressor.obj)' or at 'C:\Users\sga\Documents\Vision\vision-finnff\source\ExternalDLL\Debug\IlmImf.pdb'; linking object as if no debug info
IlmImf.lib(ImfConvert.obj) : warning LNK4099: PDB 'IlmImf.pdb' was not found with 'IlmImf.lib(ImfConvert.obj)' or at 'C:\Users\sga\Documents\Vision\vision-finnff\source\ExternalDLL\Debug\IlmImf.pdb'; linking object as if no debug info
IlmImf.lib(ImfDoubleAttribute.obj) : warning LNK4099: PDB 'IlmImf.pdb' was not found with 'IlmImf.lib(ImfDoubleAttribute.obj)' or at 'C:\Users\sga\Documents\Vision\vision-finnff\source\ExternalDLL\Debug\IlmImf.pdb'; linking object as if no debug info
IlmImf.lib(ImfEnvmapAttribute.obj) : warning LNK4099: PDB 'IlmImf.pdb' was not found with 'IlmImf.lib(ImfEnvmapAttribute.obj)' or at 'C:\Users\sga\Documents\Vision\vision-finnff\source\ExternalDLL\Debug\IlmImf.pdb'; linking object as if no debug info
IlmImf.lib(ImfFloatAttribute.obj) : warning LNK4099: PDB 'IlmImf.pdb' was not found with 'IlmImf.lib(ImfFloatAttribute.obj)' or at 'C:\Users\sga\Documents\Vision\vision-finnff\source\ExternalDLL\Debug\IlmImf.pdb'; linking object as if no debug info
IlmImf.lib(ImfFrameBuffer.obj) : warning LNK4099: PDB 'IlmImf.pdb' was not found with 'IlmImf.lib(ImfFrameBuffer.obj)' or at 'C:\Users\sga\Documents\Vision\vision-finnff\source\ExternalDLL\Debug\IlmImf.pdb'; linking object as if no debug info
IlmImf.lib(ImfHeader.obj) : warning LNK4099: PDB 'IlmImf.pdb' was not found with 'IlmImf.lib(ImfHeader.obj)' or at 'C:\Users\sga\Documents\Vision\vision-finnff\source\ExternalDLL\Debug\IlmImf.pdb'; linking object as if no debug info
IlmImf.lib(ImfHuf.obj) : warning LNK4099: PDB 'IlmImf.pdb' was not found with 'IlmImf.lib(ImfHuf.obj)' or at 'C:\Users\sga\Documents\Vision\vision-finnff\source\ExternalDLL\Debug\IlmImf.pdb'; linking object as if no debug info
IlmImf.lib(ImfInputFile.obj) : warning LNK4099: PDB 'IlmImf.pdb' was not found with 'IlmImf.lib(ImfInputFile.obj)' or at 'C:\Users\sga\Documents\Vision\vision-finnff\source\ExternalDLL\Debug\IlmImf.pdb'; linking object as if no debug info
IlmImf.lib(ImfIntAttribute.obj) : warning LNK4099: PDB 'IlmImf.pdb' was not found with 'IlmImf.lib(ImfIntAttribute.obj)' or at 'C:\Users\sga\Documents\Vision\vision-finnff\source\ExternalDLL\Debug\IlmImf.pdb'; linking object as if no debug info
IlmImf.lib(ImfIO.obj) : warning LNK4099: PDB 'IlmImf.pdb' was not found with 'IlmImf.lib(ImfIO.obj)' or at 'C:\Users\sga\Documents\Vision\vision-finnff\source\ExternalDLL\Debug\IlmImf.pdb'; linking object as if no debug info
IlmImf.lib(ImfKeyCode.obj) : warning LNK4099: PDB 'IlmImf.pdb' was not found with 'IlmImf.lib(ImfKeyCode.obj)' or at 'C:\Users\sga\Documents\Vision\vision-finnff\source\ExternalDLL\Debug\IlmImf.pdb'; linking object as if no debug info
IlmImf.lib(ImfKeyCodeAttribute.obj) : warning LNK4099: PDB 'IlmImf.pdb' was not found with 'IlmImf.lib(ImfKeyCodeAttribute.obj)' or at 'C:\Users\sga\Documents\Vision\vision-finnff\source\ExternalDLL\Debug\IlmImf.pdb'; linking object as if no debug info
IlmImf.lib(ImfLineOrderAttribute.obj) : warning LNK4099: PDB 'IlmImf.pdb' was not found with 'IlmImf.lib(ImfLineOrderAttribute.obj)' or at 'C:\Users\sga\Documents\Vision\vision-finnff\source\ExternalDLL\Debug\IlmImf.pdb'; linking object as if no debug info
IlmImf.lib(ImfMatrixAttribute.obj) : warning LNK4099: PDB 'IlmImf.pdb' was not found with 'IlmImf.lib(ImfMatrixAttribute.obj)' or at 'C:\Users\sga\Documents\Vision\vision-finnff\source\ExternalDLL\Debug\IlmImf.pdb'; linking object as if no debug info
IlmImf.lib(ImfMisc.obj) : warning LNK4099: PDB 'IlmImf.pdb' was not found with 'IlmImf.lib(ImfMisc.obj)' or at 'C:\Users\sga\Documents\Vision\vision-finnff\source\ExternalDLL\Debug\IlmImf.pdb'; linking object as if no debug info
IlmImf.lib(ImfOpaqueAttribute.obj) : warning LNK4099: PDB 'IlmImf.pdb' was not found with 'IlmImf.lib(ImfOpaqueAttribute.obj)' or at 'C:\Users\sga\Documents\Vision\vision-finnff\source\ExternalDLL\Debug\IlmImf.pdb'; linking object as if no debug info
IlmImf.lib(ImfOutputFile.obj) : warning LNK4099: PDB 'IlmImf.pdb' was not found with 'IlmImf.lib(ImfOutputFile.obj)' or at 'C:\Users\sga\Documents\Vision\vision-finnff\source\ExternalDLL\Debug\IlmImf.pdb'; linking object as if no debug info
IlmImf.lib(ImfPizCompressor.obj) : warning LNK4099: PDB 'IlmImf.pdb' was not found with 'IlmImf.lib(ImfPizCompressor.obj)' or at 'C:\Users\sga\Documents\Vision\vision-finnff\source\ExternalDLL\Debug\IlmImf.pdb'; linking object as if no debug info
IlmImf.lib(ImfPreviewImage.obj) : warning LNK4099: PDB 'IlmImf.pdb' was not found with 'IlmImf.lib(ImfPreviewImage.obj)' or at 'C:\Users\sga\Documents\Vision\vision-finnff\source\ExternalDLL\Debug\IlmImf.pdb'; linking object as if no debug info
IlmImf.lib(ImfPreviewImageAttribute.obj) : warning LNK4099: PDB 'IlmImf.pdb' was not found with 'IlmImf.lib(ImfPreviewImageAttribute.obj)' or at 'C:\Users\sga\Documents\Vision\vision-finnff\source\ExternalDLL\Debug\IlmImf.pdb'; linking object as if no debug info
IlmImf.lib(ImfPxr24Compressor.obj) : warning LNK4099: PDB 'IlmImf.pdb' was not found with 'IlmImf.lib(ImfPxr24Compressor.obj)' or at 'C:\Users\sga\Documents\Vision\vision-finnff\source\ExternalDLL\Debug\IlmImf.pdb'; linking object as if no debug info
IlmImf.lib(ImfRationalAttribute.obj) : warning LNK4099: PDB 'IlmImf.pdb' was not found with 'IlmImf.lib(ImfRationalAttribute.obj)' or at 'C:\Users\sga\Documents\Vision\vision-finnff\source\ExternalDLL\Debug\IlmImf.pdb'; linking object as if no debug info
IlmImf.lib(ImfRleCompressor.obj) : warning LNK4099: PDB 'IlmImf.pdb' was not found with 'IlmImf.lib(ImfRleCompressor.obj)' or at 'C:\Users\sga\Documents\Vision\vision-finnff\source\ExternalDLL\Debug\IlmImf.pdb'; linking object as if no debug info
IlmImf.lib(ImfScanLineInputFile.obj) : warning LNK4099: PDB 'IlmImf.pdb' was not found with 'IlmImf.lib(ImfScanLineInputFile.obj)' or at 'C:\Users\sga\Documents\Vision\vision-finnff\source\ExternalDLL\Debug\IlmImf.pdb'; linking object as if no debug info
IlmImf.lib(ImfStandardAttributes.obj) : warning LNK4099: PDB 'IlmImf.pdb' was not found with 'IlmImf.lib(ImfStandardAttributes.obj)' or at 'C:\Users\sga\Documents\Vision\vision-finnff\source\ExternalDLL\Debug\IlmImf.pdb'; linking object as if no debug info
IlmImf.lib(ImfStdIO.obj) : warning LNK4099: PDB 'IlmImf.pdb' was not found with 'IlmImf.lib(ImfStdIO.obj)' or at 'C:\Users\sga\Documents\Vision\vision-finnff\source\ExternalDLL\Debug\IlmImf.pdb'; linking object as if no debug info
IlmImf.lib(ImfStringAttribute.obj) : warning LNK4099: PDB 'IlmImf.pdb' was not found with 'IlmImf.lib(ImfStringAttribute.obj)' or at 'C:\Users\sga\Documents\Vision\vision-finnff\source\ExternalDLL\Debug\IlmImf.pdb'; linking object as if no debug info
IlmImf.lib(ImfStringVectorAttribute.obj) : warning LNK4099: PDB 'IlmImf.pdb' was not found with 'IlmImf.lib(ImfStringVectorAttribute.obj)' or at 'C:\Users\sga\Documents\Vision\vision-finnff\source\ExternalDLL\Debug\IlmImf.pdb'; linking object as if no debug info
IlmImf.lib(ImfThreading.obj) : warning LNK4099: PDB 'IlmImf.pdb' was not found with 'IlmImf.lib(ImfThreading.obj)' or at 'C:\Users\sga\Documents\Vision\vision-finnff\source\ExternalDLL\Debug\IlmImf.pdb'; linking object as if no debug info
IlmImf.lib(ImfTileDescriptionAttribute.obj) : warning LNK4099: PDB 'IlmImf.pdb' was not found with 'IlmImf.lib(ImfTileDescriptionAttribute.obj)' or at 'C:\Users\sga\Documents\Vision\vision-finnff\source\ExternalDLL\Debug\IlmImf.pdb'; linking object as if no debug info
IlmImf.lib(ImfTiledInputFile.obj) : warning LNK4099: PDB 'IlmImf.pdb' was not found with 'IlmImf.lib(ImfTiledInputFile.obj)' or at 'C:\Users\sga\Documents\Vision\vision-finnff\source\ExternalDLL\Debug\IlmImf.pdb'; linking object as if no debug info
IlmImf.lib(ImfTiledMisc.obj) : warning LNK4099: PDB 'IlmImf.pdb' was not found with 'IlmImf.lib(ImfTiledMisc.obj)' or at 'C:\Users\sga\Documents\Vision\vision-finnff\source\ExternalDLL\Debug\IlmImf.pdb'; linking object as if no debug info
IlmImf.lib(ImfTileOffsets.obj) : warning LNK4099: PDB 'IlmImf.pdb' was not found with 'IlmImf.lib(ImfTileOffsets.obj)' or at 'C:\Users\sga\Documents\Vision\vision-finnff\source\ExternalDLL\Debug\IlmImf.pdb'; linking object as if no debug info
IlmImf.lib(ImfTimeCode.obj) : warning LNK4099: PDB 'IlmImf.pdb' was not found with 'IlmImf.lib(ImfTimeCode.obj)' or at 'C:\Users\sga\Documents\Vision\vision-finnff\source\ExternalDLL\Debug\IlmImf.pdb'; linking object as if no debug info
IlmImf.lib(ImfTimeCodeAttribute.obj) : warning LNK4099: PDB 'IlmImf.pdb' was not found with 'IlmImf.lib(ImfTimeCodeAttribute.obj)' or at 'C:\Users\sga\Documents\Vision\vision-finnff\source\ExternalDLL\Debug\IlmImf.pdb'; linking object as if no debug info
IlmImf.lib(ImfVecAttribute.obj) : warning LNK4099: PDB 'IlmImf.pdb' was not found with 'IlmImf.lib(ImfVecAttribute.obj)' or at 'C:\Users\sga\Documents\Vision\vision-finnff\source\ExternalDLL\Debug\IlmImf.pdb'; linking object as if no debug info
IlmImf.lib(ImfWav.obj) : warning LNK4099: PDB 'IlmImf.pdb' was not found with 'IlmImf.lib(ImfWav.obj)' or at 'C:\Users\sga\Documents\Vision\vision-finnff\source\ExternalDLL\Debug\IlmImf.pdb'; linking object as if no debug info
IlmImf.lib(ImfZipCompressor.obj) : warning LNK4099: PDB 'IlmImf.pdb' was not found with 'IlmImf.lib(ImfZipCompressor.obj)' or at 'C:\Users\sga\Documents\Vision\vision-finnff\source\ExternalDLL\Debug\IlmImf.pdb'; linking object as if no debug info
zlib.lib(adler32.obj) : warning LNK4099: PDB 'zlib.pdb' was not found with 'zlib.lib(adler32.obj)' or at 'C:\Users\sga\Documents\Vision\vision-finnff\source\ExternalDLL\Debug\zlib.pdb'; linking object as if no debug info
zlib.lib(compress.obj) : warning LNK4099: PDB 'zlib.pdb' was not found with 'zlib.lib(compress.obj)' or at 'C:\Users\sga\Documents\Vision\vision-finnff\source\ExternalDLL\Debug\zlib.pdb'; linking object as if no debug info
zlib.lib(crc32.obj) : warning LNK4099: PDB 'zlib.pdb' was not found with 'zlib.lib(crc32.obj)' or at 'C:\Users\sga\Documents\Vision\vision-finnff\source\ExternalDLL\Debug\zlib.pdb'; linking object as if no debug info
zlib.lib(deflate.obj) : warning LNK4099: PDB 'zlib.pdb' was not found with 'zlib.lib(deflate.obj)' or at 'C:\Users\sga\Documents\Vision\vision-finnff\source\ExternalDLL\Debug\zlib.pdb'; linking object as if no debug info
zlib.lib(gzclose.obj) : warning LNK4099: PDB 'zlib.pdb' was not found with 'zlib.lib(gzclose.obj)' or at 'C:\Users\sga\Documents\Vision\vision-finnff\source\ExternalDLL\Debug\zlib.pdb'; linking object as if no debug info
zlib.lib(gzlib.obj) : warning LNK4099: PDB 'zlib.pdb' was not found with 'zlib.lib(gzlib.obj)' or at 'C:\Users\sga\Documents\Vision\vision-finnff\source\ExternalDLL\Debug\zlib.pdb'; linking object as if no debug info
zlib.lib(gzread.obj) : warning LNK4099: PDB 'zlib.pdb' was not found with 'zlib.lib(gzread.obj)' or at 'C:\Users\sga\Documents\Vision\vision-finnff\source\ExternalDLL\Debug\zlib.pdb'; linking object as if no debug info
zlib.lib(gzwrite.obj) : warning LNK4099: PDB 'zlib.pdb' was not found with 'zlib.lib(gzwrite.obj)' or at 'C:\Users\sga\Documents\Vision\vision-finnff\source\ExternalDLL\Debug\zlib.pdb'; linking object as if no debug info
zlib.lib(inflate.obj) : warning LNK4099: PDB 'zlib.pdb' was not found with 'zlib.lib(inflate.obj)' or at 'C:\Users\sga\Documents\Vision\vision-finnff\source\ExternalDLL\Debug\zlib.pdb'; linking object as if no debug info
zlib.lib(inftrees.obj) : warning LNK4099: PDB 'zlib.pdb' was not found with 'zlib.lib(inftrees.obj)' or at 'C:\Users\sga\Documents\Vision\vision-finnff\source\ExternalDLL\Debug\zlib.pdb'; linking object as if no debug info
zlib.lib(inffast.obj) : warning LNK4099: PDB 'zlib.pdb' was not found with 'zlib.lib(inffast.obj)' or at 'C:\Users\sga\Documents\Vision\vision-finnff\source\ExternalDLL\Debug\zlib.pdb'; linking object as if no debug info
zlib.lib(trees.obj) : warning LNK4099: PDB 'zlib.pdb' was not found with 'zlib.lib(trees.obj)' or at 'C:\Users\sga\Documents\Vision\vision-finnff\source\ExternalDLL\Debug\zlib.pdb'; linking object as if no debug info
zlib.lib(uncompr.obj) : warning LNK4099: PDB 'zlib.pdb' was not found with 'zlib.lib(uncompr.obj)' or at 'C:\Users\sga\Documents\Vision\vision-finnff\source\ExternalDLL\Debug\zlib.pdb'; linking object as if no debug info
zlib.lib(zutil.obj) : warning LNK4099: PDB 'zlib.pdb' was not found with 'zlib.lib(zutil.obj)' or at 'C:\Users\sga\Documents\Vision\vision-finnff\source\ExternalDLL\Debug\zlib.pdb'; linking object as if no debug info
opencv_highgui2412.lib(loadsave.obj) : warning LNK4099: PDB 'opencv_highgui.pdb' was not found with 'opencv_highgui2412.lib(loadsave.obj)' or at 'C:\Users\sga\Documents\Vision\vision-finnff\source\ExternalDLL\Debug\opencv_highgui.pdb'; linking object as if no debug info
opencv_highgui2412.lib(utils.obj) : warning LNK4099: PDB 'opencv_highgui.pdb' was not found with 'opencv_highgui2412.lib(utils.obj)' or at 'C:\Users\sga\Documents\Vision\vision-finnff\source\ExternalDLL\Debug\opencv_highgui.pdb'; linking object as if no debug info
opencv_highgui2412.lib(window.obj) : warning LNK4099: PDB 'opencv_highgui.pdb' was not found with 'opencv_highgui2412.lib(window.obj)' or at 'C:\Users\sga\Documents\Vision\vision-finnff\source\ExternalDLL\Debug\opencv_highgui.pdb'; linking object as if no debug info
opencv_highgui2412.lib(window_w32.obj) : warning LNK4099: PDB 'opencv_highgui.pdb' was not found with 'opencv_highgui2412.lib(window_w32.obj)' or at 'C:\Users\sga\Documents\Vision\vision-finnff\source\ExternalDLL\Debug\opencv_highgui.pdb'; linking object as if no debug info
opencv_highgui2412.lib(grfmt_base.obj) : warning LNK4099: PDB 'opencv_highgui.pdb' was not found with 'opencv_highgui2412.lib(grfmt_base.obj)' or at 'C:\Users\sga\Documents\Vision\vision-finnff\source\ExternalDLL\Debug\opencv_highgui.pdb'; linking object as if no debug info
opencv_highgui2412.lib(grfmt_bmp.obj) : warning LNK4099: PDB 'opencv_highgui.pdb' was not found with 'opencv_highgui2412.lib(grfmt_bmp.obj)' or at 'C:\Users\sga\Documents\Vision\vision-finnff\source\ExternalDLL\Debug\opencv_highgui.pdb'; linking object as if no debug info
opencv_highgui2412.lib(grfmt_exr.obj) : warning LNK4099: PDB 'opencv_highgui.pdb' was not found with 'opencv_highgui2412.lib(grfmt_exr.obj)' or at 'C:\Users\sga\Documents\Vision\vision-finnff\source\ExternalDLL\Debug\opencv_highgui.pdb'; linking object as if no debug info
opencv_highgui2412.lib(grfmt_jpeg.obj) : warning LNK4099: PDB 'opencv_highgui.pdb' was not found with 'opencv_highgui2412.lib(grfmt_jpeg.obj)' or at 'C:\Users\sga\Documents\Vision\vision-finnff\source\ExternalDLL\Debug\opencv_highgui.pdb'; linking object as if no debug info
opencv_highgui2412.lib(grfmt_jpeg2000.obj) : warning LNK4099: PDB 'opencv_highgui.pdb' was not found with 'opencv_highgui2412.lib(grfmt_jpeg2000.obj)' or at 'C:\Users\sga\Documents\Vision\vision-finnff\source\ExternalDLL\Debug\opencv_highgui.pdb'; linking object as if no debug info
opencv_highgui2412.lib(grfmt_png.obj) : warning LNK4099: PDB 'opencv_highgui.pdb' was not found with 'opencv_highgui2412.lib(grfmt_png.obj)' or at 'C:\Users\sga\Documents\Vision\vision-finnff\source\ExternalDLL\Debug\opencv_highgui.pdb'; linking object as if no debug info
opencv_highgui2412.lib(grfmt_pxm.obj) : warning LNK4099: PDB 'opencv_highgui.pdb' was not found with 'opencv_highgui2412.lib(grfmt_pxm.obj)' or at 'C:\Users\sga\Documents\Vision\vision-finnff\source\ExternalDLL\Debug\opencv_highgui.pdb'; linking object as if no debug info
opencv_highgui2412.lib(grfmt_sunras.obj) : warning LNK4099: PDB 'opencv_highgui.pdb' was not found with 'opencv_highgui2412.lib(grfmt_sunras.obj)' or at 'C:\Users\sga\Documents\Vision\vision-finnff\source\ExternalDLL\Debug\opencv_highgui.pdb'; linking object as if no debug info
opencv_highgui2412.lib(grfmt_tiff.obj) : warning LNK4099: PDB 'opencv_highgui.pdb' was not found with 'opencv_highgui2412.lib(grfmt_tiff.obj)' or at 'C:\Users\sga\Documents\Vision\vision-finnff\source\ExternalDLL\Debug\opencv_highgui.pdb'; linking object as if no debug info
opencv_highgui2412.lib(bitstrm.obj) : warning LNK4099: PDB 'opencv_highgui.pdb' was not found with 'opencv_highgui2412.lib(bitstrm.obj)' or at 'C:\Users\sga\Documents\Vision\vision-finnff\source\ExternalDLL\Debug\opencv_highgui.pdb'; linking object as if no debug info
opencv_highgui2412.lib(opencv_highgui_pch.obj) : warning LNK4099: PDB 'opencv_highgui.pdb' was not found with 'opencv_highgui2412.lib(opencv_highgui_pch.obj)' or at 'C:\Users\sga\Documents\Vision\vision-finnff\source\ExternalDLL\Debug\opencv_highgui.pdb'; linking object as if no debug info
opencv_imgproc2412.lib(imgwarp_avx.obj) : warning LNK4099: PDB 'opencv_imgproc.pdb' was not found with 'opencv_imgproc2412.lib(imgwarp_avx.obj)' or at 'C:\Users\sga\Documents\Vision\vision-finnff\source\ExternalDLL\Debug\opencv_imgproc.pdb'; linking object as if no debug info
opencv_imgproc2412.lib(imgwarp_avx2.obj) : warning LNK4099: PDB 'opencv_imgproc.pdb' was not found with 'opencv_imgproc2412.lib(imgwarp_avx2.obj)' or at 'C:\Users\sga\Documents\Vision\vision-finnff\source\ExternalDLL\Debug\opencv_imgproc.pdb'; linking object as if no debug info
opencv_imgproc2412.lib(color.obj) : warning LNK4099: PDB 'opencv_imgproc.pdb' was not found with 'opencv_imgproc2412.lib(color.obj)' or at 'C:\Users\sga\Documents\Vision\vision-finnff\source\ExternalDLL\Debug\opencv_imgproc.pdb'; linking object as if no debug info
opencv_imgproc2412.lib(filter.obj) : warning LNK4099: PDB 'opencv_imgproc.pdb' was not found with 'opencv_imgproc2412.lib(filter.obj)' or at 'C:\Users\sga\Documents\Vision\vision-finnff\source\ExternalDLL\Debug\opencv_imgproc.pdb'; linking object as if no debug info
opencv_imgproc2412.lib(imgwarp.obj) : warning LNK4099: PDB 'opencv_imgproc.pdb' was not found with 'opencv_imgproc2412.lib(imgwarp.obj)' or at 'C:\Users\sga\Documents\Vision\vision-finnff\source\ExternalDLL\Debug\opencv_imgproc.pdb'; linking object as if no debug info
opencv_imgproc2412.lib(morph.obj) : warning LNK4099: PDB 'opencv_imgproc.pdb' was not found with 'opencv_imgproc2412.lib(morph.obj)' or at 'C:\Users\sga\Documents\Vision\vision-finnff\source\ExternalDLL\Debug\opencv_imgproc.pdb'; linking object as if no debug info
opencv_imgproc2412.lib(smooth.obj) : warning LNK4099: PDB 'opencv_imgproc.pdb' was not found with 'opencv_imgproc2412.lib(smooth.obj)' or at 'C:\Users\sga\Documents\Vision\vision-finnff\source\ExternalDLL\Debug\opencv_imgproc.pdb'; linking object as if no debug info
opencv_imgproc2412.lib(sumpixels.obj) : warning LNK4099: PDB 'opencv_imgproc.pdb' was not found with 'opencv_imgproc2412.lib(sumpixels.obj)' or at 'C:\Users\sga\Documents\Vision\vision-finnff\source\ExternalDLL\Debug\opencv_imgproc.pdb'; linking object as if no debug info
opencv_imgproc2412.lib(tables.obj) : warning LNK4099: PDB 'opencv_imgproc.pdb' was not found with 'opencv_imgproc2412.lib(tables.obj)' or at 'C:\Users\sga\Documents\Vision\vision-finnff\source\ExternalDLL\Debug\opencv_imgproc.pdb'; linking object as if no debug info
opencv_imgproc2412.lib(templmatch.obj) : warning LNK4099: PDB 'opencv_imgproc.pdb' was not found with 'opencv_imgproc2412.lib(templmatch.obj)' or at 'C:\Users\sga\Documents\Vision\vision-finnff\source\ExternalDLL\Debug\opencv_imgproc.pdb'; linking object as if no debug info
opencv_imgproc2412.lib(thresh.obj) : warning LNK4099: PDB 'opencv_imgproc.pdb' was not found with 'opencv_imgproc2412.lib(thresh.obj)' or at 'C:\Users\sga\Documents\Vision\vision-finnff\source\ExternalDLL\Debug\opencv_imgproc.pdb'; linking object as if no debug info
opencv_imgproc2412.lib(utils.obj) : warning LNK4099: PDB 'opencv_imgproc.pdb' was not found with 'opencv_imgproc2412.lib(utils.obj)' or at 'C:\Users\sga\Documents\Vision\vision-finnff\source\ExternalDLL\Debug\opencv_imgproc.pdb'; linking object as if no debug info
opencv_imgproc2412.lib(opencv_imgproc_pch.obj) : warning LNK4099: PDB 'opencv_imgproc.pdb' was not found with 'opencv_imgproc2412.lib(opencv_imgproc_pch.obj)' or at 'C:\Users\sga\Documents\Vision\vision-finnff\source\ExternalDLL\Debug\opencv_imgproc.pdb'; linking object as if no debug info
  ExternalDLL2015.vcxproj -> C:\Users\sga\Documents\Vision\vision-finnff\source\ExternalDLL\Debug\ExternalDLL.exe
